#
# There is insufficient memory for the Java Runtime Environment to continue.
# Native memory allocation (mmap) failed to map 65536 bytes for Failed to commit metaspace.
# Possible reasons:
#   The system is out of physical RAM or swap space
#   The process is running with CompressedOops enabled, and the Java Heap may be blocking the growth of the native heap
# Possible solutions:
#   Reduce memory load on the system
#   Increase physical memory or swap space
#   Check if swap backing store is full
#   Decrease Java heap size (-Xmx/-Xms)
#   Decrease number of Java threads
#   Decrease Java thread stack sizes (-Xss)
#   Set larger code cache with -XX:ReservedCodeCacheSize=
#   JVM is running with Unscaled Compressed Oops mode in which the Java heap is
#     placed in the first 4GB address space. The Java Heap base address is the
#     maximum limit for the native heap growth. Please use -XX:HeapBaseMinAddress
#     to set the Java Heap base and to place the Java Heap above 4GB virtual address.
# This output file may be truncated or incomplete.
#
#  Out of Memory Error (virtualSpaceNode.cpp:110), pid=28032, tid=30356
#
# JRE version: OpenJDK Runtime Environment Temurin-17.0.10+7 (17.0.10+7) (build 17.0.10+7)
# Java VM: OpenJDK 64-Bit Server VM Temurin-17.0.10+7 (17.0.10+7, mixed mode, tiered, compressed oops, compressed class ptrs, g1 gc, windows-amd64)
# No core dump will be written. Minidumps are not enabled by default on client versions of Windows
#

---------------  S U M M A R Y ------------

Command Line: -Dfile.encoding=UTF-8 -Dstdout.encoding=UTF-8 -Dstderr.encoding=UTF-8 -XX:+ShowCodeDetailsInExceptionMessages batch13pack.student

Host: Intel(R) Core(TM) i5-1035G1 CPU @ 1.00GHz, 8 cores, 7G,  Windows 11 , 64 bit Build 22621 (10.0.22621.3235)
Time: Fri Apr 26 11:37:25 2024 Bangladesh Standard Time elapsed time: 0.382243 seconds (0d 0h 0m 0s)

---------------  T H R E A D  ---------------

Current thread (0x0000016e357e3560):  JavaThread "main" [_thread_in_vm, id=30356, stack(0x0000004ecef00000,0x0000004ecf000000)]

Stack: [0x0000004ecef00000,0x0000004ecf000000]
Native frames: (J=compiled Java code, j=interpreted, Vv=VM code, C=native code)
V  [jvm.dll+0x67d2c9]
V  [jvm.dll+0x834afa]
V  [jvm.dll+0x8365be]
V  [jvm.dll+0x836c23]
V  [jvm.dll+0x2477ff]
V  [jvm.dll+0x8307bb]
V  [jvm.dll+0x621d16]
V  [jvm.dll+0x1c183e]
V  [jvm.dll+0x624671]
V  [jvm.dll+0x6226b6]
V  [jvm.dll+0x23d160]
V  [jvm.dll+0x1ec25b]
V  [jvm.dll+0x1e1c01]
V  [jvm.dll+0x5427ce]
V  [jvm.dll+0x7aeb88]
V  [jvm.dll+0x7aec74]
V  [jvm.dll+0x4108f5]
V  [jvm.dll+0x416a79]
C  [java.dll+0x17ec]

Java frames: (J=compiled Java code, j=interpreted, Vv=VM code)
j  java.lang.ClassLoader.defineClass1(Ljava/lang/ClassLoader;Ljava/lang/String;[BIILjava/security/ProtectionDomain;Ljava/lang/String;)Ljava/lang/Class;+0 java.base@17.0.10
j  java.lang.ClassLoader.defineClass(Ljava/lang/String;[BIILjava/security/ProtectionDomain;)Ljava/lang/Class;+27 java.base@17.0.10
j  java.security.SecureClassLoader.defineClass(Ljava/lang/String;[BIILjava/security/CodeSource;)Ljava/lang/Class;+12 java.base@17.0.10
j  jdk.internal.loader.BuiltinClassLoader.defineClass(Ljava/lang/String;Ljdk/internal/loader/Resource;)Ljava/lang/Class;+117 java.base@17.0.10
j  jdk.internal.loader.BuiltinClassLoader.findClassOnClassPathOrNull(Ljava/lang/String;)Ljava/lang/Class;+37 java.base@17.0.10
j  jdk.internal.loader.BuiltinClassLoader.loadClassOrNull(Ljava/lang/String;Z)Ljava/lang/Class;+111 java.base@17.0.10
j  jdk.internal.loader.BuiltinClassLoader.loadClass(Ljava/lang/String;Z)Ljava/lang/Class;+3 java.base@17.0.10
j  jdk.internal.loader.ClassLoaders$AppClassLoader.loadClass(Ljava/lang/String;Z)Ljava/lang/Class;+36 java.base@17.0.10
j  java.lang.ClassLoader.loadClass(Ljava/lang/String;)Ljava/lang/Class;+3 java.base@17.0.10
v  ~StubRoutines::call_stub
j  batch13pack.student.main([Ljava/lang/String;)V+0
v  ~StubRoutines::call_stub

---------------  P R O C E S S  ---------------

Threads class SMR info:
_java_thread_list=0x0000016e4f84c290, length=13, elements={
0x0000016e357e3560, 0x0000016e4f66af00, 0x0000016e4f66bac0, 0x0000016e4f6ae290,
0x0000016e4f6b1170, 0x0000016e4f6b4250, 0x0000016e4f6b5c20, 0x0000016e4f6c26f0,
0x0000016e4f6c31a0, 0x0000016e4f6d7ba0, 0x0000016e4f82f390, 0x0000016e4f84cb00,
0x0000016e4f939e70
}

Java Threads: ( => current thread )
=>0x0000016e357e3560 JavaThread "main" [_thread_in_vm, id=30356, stack(0x0000004ecef00000,0x0000004ecf000000)]
  0x0000016e4f66af00 JavaThread "Reference Handler" daemon [_thread_blocked, id=34704, stack(0x0000004ecf600000,0x0000004ecf700000)]
  0x0000016e4f66bac0 JavaThread "Finalizer" daemon [_thread_blocked, id=37088, stack(0x0000004ecf700000,0x0000004ecf800000)]
  0x0000016e4f6ae290 JavaThread "Signal Dispatcher" daemon [_thread_blocked, id=24412, stack(0x0000004ecf800000,0x0000004ecf900000)]
  0x0000016e4f6b1170 JavaThread "Attach Listener" daemon [_thread_blocked, id=12444, stack(0x0000004ecf900000,0x0000004ecfa00000)]
  0x0000016e4f6b4250 JavaThread "Service Thread" daemon [_thread_blocked, id=33908, stack(0x0000004ecfa00000,0x0000004ecfb00000)]
  0x0000016e4f6b5c20 JavaThread "Monitor Deflation Thread" daemon [_thread_blocked, id=37876, stack(0x0000004ecfb00000,0x0000004ecfc00000)]
  0x0000016e4f6c26f0 JavaThread "C2 CompilerThread0" daemon [_thread_blocked, id=21636, stack(0x0000004ecfc00000,0x0000004ecfd00000)]
  0x0000016e4f6c31a0 JavaThread "C1 CompilerThread0" daemon [_thread_blocked, id=31440, stack(0x0000004ecfd00000,0x0000004ecfe00000)]
  0x0000016e4f6d7ba0 JavaThread "Sweeper thread" daemon [_thread_blocked, id=31728, stack(0x0000004ecfe00000,0x0000004ecff00000)]
  0x0000016e4f82f390 JavaThread "Notification Thread" daemon [_thread_blocked, id=37060, stack(0x0000004ecff00000,0x0000004ed0000000)]
  0x0000016e4f84cb00 JavaThread "Common-Cleaner" daemon [_thread_blocked, id=23468, stack(0x0000004ed0100000,0x0000004ed0200000)]
  0x0000016e4f939e70 JavaThread "C2 CompilerThread1" daemon [_thread_blocked, id=24972, stack(0x0000004ed0200000,0x0000004ed0300000)]

Other Threads:
  0x0000016e4f60b190 VMThread "VM Thread" [stack: 0x0000004ecf500000,0x0000004ecf600000] [id=37328]
  0x0000016e4f82f870 WatcherThread [stack: 0x0000004ed0000000,0x0000004ed0100000] [id=34376]
  0x0000016e3583de10 GCTaskThread "GC Thread#0" [stack: 0x0000004ecf000000,0x0000004ecf100000] [id=37580]
  0x0000016e3584f630 ConcurrentGCThread "G1 Main Marker" [stack: 0x0000004ecf100000,0x0000004ecf200000] [id=33132]
  0x0000016e358507f0 ConcurrentGCThread "G1 Conc#0" [stack: 0x0000004ecf200000,0x0000004ecf300000] [id=556]
  0x0000016e4f4bc120 ConcurrentGCThread "G1 Refine#0" [stack: 0x0000004ecf300000,0x0000004ecf400000] [id=34612]
  0x0000016e4f4bcb50 ConcurrentGCThread "G1 Service" [stack: 0x0000004ecf400000,0x0000004ecf500000] [id=3484]

Threads with active compile tasks:

VM state: not at safepoint (normal execution)

VM Mutex/Monitor currently owned by a thread:  ([mutex/lock_event])
[0x0000016e357dd7b0] Metaspace_lock - owner thread: 0x0000016e357e3560

Heap address: 0x0000000083a00000, size: 1990 MB, Compressed Oops mode: 32-bit

CDS archive(s) not mapped
Compressed class space mapped at: 0x0000000100000000-0x0000000140000000, reserved size: 1073741824
Narrow klass base: 0x0000000000000000, Narrow klass shift: 3, Narrow klass range: 0x140000000

GC Precious Log:
 CPUs: 8 total, 8 available
 Memory: 7959M
 Large Page Support: Disabled
 NUMA Support: Disabled
 Compressed Oops: Enabled (32-bit)
 Heap Region Size: 1M
 Heap Min Capacity: 8M
 Heap Initial Capacity: 126M
 Heap Max Capacity: 1990M
 Pre-touch: Disabled
 Parallel Workers: 8
 Concurrent Workers: 2
 Concurrent Refinement Workers: 8
 Periodic GC: Disabled

Heap:
 garbage-first heap   total 129024K, used 6144K [0x0000000083a00000, 0x0000000100000000)
  region size 1024K, 6 young (6144K), 0 survivors (0K)
 Metaspace       used 4985K, committed 5120K, reserved 1114112K
  class space    used 417K, committed 512K, reserved 1048576K

Heap Regions: E=young(eden), S=young(survivor), O=old, HS=humongous(starts), HC=humongous(continues), CS=collection set, F=free, OA=open archive, CA=closed archive, TAMS=top-at-mark-start (previous, next)
|   0|0x0000000083a00000, 0x0000000083b00000, 0x0000000083b00000|100%|HS|  |TAMS 0x0000000083a00000, 0x0000000083a00000| Complete 
|   1|0x0000000083b00000, 0x0000000083c00000, 0x0000000083c00000|100%|HS|  |TAMS 0x0000000083b00000, 0x0000000083b00000| Complete 
|   2|0x0000000083c00000, 0x0000000083c00000, 0x0000000083d00000|  0%| F|  |TAMS 0x0000000083c00000, 0x0000000083c00000| Untracked 
|   3|0x0000000083d00000, 0x0000000083d00000, 0x0000000083e00000|  0%| F|  |TAMS 0x0000000083d00000, 0x0000000083d00000| Untracked 
|   4|0x0000000083e00000, 0x0000000083e00000, 0x0000000083f00000|  0%| F|  |TAMS 0x0000000083e00000, 0x0000000083e00000| Untracked 
|   5|0x0000000083f00000, 0x0000000083f00000, 0x0000000084000000|  0%| F|  |TAMS 0x0000000083f00000, 0x0000000083f00000| Untracked 
|   6|0x0000000084000000, 0x0000000084000000, 0x0000000084100000|  0%| F|  |TAMS 0x0000000084000000, 0x0000000084000000| Untracked 
|   7|0x0000000084100000, 0x0000000084100000, 0x0000000084200000|  0%| F|  |TAMS 0x0000000084100000, 0x0000000084100000| Untracked 
|   8|0x0000000084200000, 0x0000000084200000, 0x0000000084300000|  0%| F|  |TAMS 0x0000000084200000, 0x0000000084200000| Untracked 
|   9|0x0000000084300000, 0x0000000084300000, 0x0000000084400000|  0%| F|  |TAMS 0x0000000084300000, 0x0000000084300000| Untracked 
|  10|0x0000000084400000, 0x0000000084400000, 0x0000000084500000|  0%| F|  |TAMS 0x0000000084400000, 0x0000000084400000| Untracked 
|  11|0x0000000084500000, 0x0000000084500000, 0x0000000084600000|  0%| F|  |TAMS 0x0000000084500000, 0x0000000084500000| Untracked 
|  12|0x0000000084600000, 0x0000000084600000, 0x0000000084700000|  0%| F|  |TAMS 0x0000000084600000, 0x0000000084600000| Untracked 
|  13|0x0000000084700000, 0x0000000084700000, 0x0000000084800000|  0%| F|  |TAMS 0x0000000084700000, 0x0000000084700000| Untracked 
|  14|0x0000000084800000, 0x0000000084800000, 0x0000000084900000|  0%| F|  |TAMS 0x0000000084800000, 0x0000000084800000| Untracked 
|  15|0x0000000084900000, 0x0000000084900000, 0x0000000084a00000|  0%| F|  |TAMS 0x0000000084900000, 0x0000000084900000| Untracked 
|  16|0x0000000084a00000, 0x0000000084a00000, 0x0000000084b00000|  0%| F|  |TAMS 0x0000000084a00000, 0x0000000084a00000| Untracked 
|  17|0x0000000084b00000, 0x0000000084b00000, 0x0000000084c00000|  0%| F|  |TAMS 0x0000000084b00000, 0x0000000084b00000| Untracked 
|  18|0x0000000084c00000, 0x0000000084c00000, 0x0000000084d00000|  0%| F|  |TAMS 0x0000000084c00000, 0x0000000084c00000| Untracked 
|  19|0x0000000084d00000, 0x0000000084d00000, 0x0000000084e00000|  0%| F|  |TAMS 0x0000000084d00000, 0x0000000084d00000| Untracked 
|  20|0x0000000084e00000, 0x0000000084e00000, 0x0000000084f00000|  0%| F|  |TAMS 0x0000000084e00000, 0x0000000084e00000| Untracked 
|  21|0x0000000084f00000, 0x0000000084f00000, 0x0000000085000000|  0%| F|  |TAMS 0x0000000084f00000, 0x0000000084f00000| Untracked 
|  22|0x0000000085000000, 0x0000000085000000, 0x0000000085100000|  0%| F|  |TAMS 0x0000000085000000, 0x0000000085000000| Untracked 
|  23|0x0000000085100000, 0x0000000085100000, 0x0000000085200000|  0%| F|  |TAMS 0x0000000085100000, 0x0000000085100000| Untracked 
|  24|0x0000000085200000, 0x0000000085200000, 0x0000000085300000|  0%| F|  |TAMS 0x0000000085200000, 0x0000000085200000| Untracked 
|  25|0x0000000085300000, 0x0000000085300000, 0x0000000085400000|  0%| F|  |TAMS 0x0000000085300000, 0x0000000085300000| Untracked 
|  26|0x0000000085400000, 0x0000000085400000, 0x0000000085500000|  0%| F|  |TAMS 0x0000000085400000, 0x0000000085400000| Untracked 
|  27|0x0000000085500000, 0x0000000085500000, 0x0000000085600000|  0%| F|  |TAMS 0x0000000085500000, 0x0000000085500000| Untracked 
|  28|0x0000000085600000, 0x0000000085600000, 0x0000000085700000|  0%| F|  |TAMS 0x0000000085600000, 0x0000000085600000| Untracked 
|  29|0x0000000085700000, 0x0000000085700000, 0x0000000085800000|  0%| F|  |TAMS 0x0000000085700000, 0x0000000085700000| Untracked 
|  30|0x0000000085800000, 0x0000000085800000, 0x0000000085900000|  0%| F|  |TAMS 0x0000000085800000, 0x0000000085800000| Untracked 
|  31|0x0000000085900000, 0x0000000085900000, 0x0000000085a00000|  0%| F|  |TAMS 0x0000000085900000, 0x0000000085900000| Untracked 
|  32|0x0000000085a00000, 0x0000000085a00000, 0x0000000085b00000|  0%| F|  |TAMS 0x0000000085a00000, 0x0000000085a00000| Untracked 
|  33|0x0000000085b00000, 0x0000000085b00000, 0x0000000085c00000|  0%| F|  |TAMS 0x0000000085b00000, 0x0000000085b00000| Untracked 
|  34|0x0000000085c00000, 0x0000000085c00000, 0x0000000085d00000|  0%| F|  |TAMS 0x0000000085c00000, 0x0000000085c00000| Untracked 
|  35|0x0000000085d00000, 0x0000000085d00000, 0x0000000085e00000|  0%| F|  |TAMS 0x0000000085d00000, 0x0000000085d00000| Untracked 
|  36|0x0000000085e00000, 0x0000000085e00000, 0x0000000085f00000|  0%| F|  |TAMS 0x0000000085e00000, 0x0000000085e00000| Untracked 
|  37|0x0000000085f00000, 0x0000000085f00000, 0x0000000086000000|  0%| F|  |TAMS 0x0000000085f00000, 0x0000000085f00000| Untracked 
|  38|0x0000000086000000, 0x0000000086000000, 0x0000000086100000|  0%| F|  |TAMS 0x0000000086000000, 0x0000000086000000| Untracked 
|  39|0x0000000086100000, 0x0000000086100000, 0x0000000086200000|  0%| F|  |TAMS 0x0000000086100000, 0x0000000086100000| Untracked 
|  40|0x0000000086200000, 0x0000000086200000, 0x0000000086300000|  0%| F|  |TAMS 0x0000000086200000, 0x0000000086200000| Untracked 
|  41|0x0000000086300000, 0x0000000086300000, 0x0000000086400000|  0%| F|  |TAMS 0x0000000086300000, 0x0000000086300000| Untracked 
|  42|0x0000000086400000, 0x0000000086400000, 0x0000000086500000|  0%| F|  |TAMS 0x0000000086400000, 0x0000000086400000| Untracked 
|  43|0x0000000086500000, 0x0000000086500000, 0x0000000086600000|  0%| F|  |TAMS 0x0000000086500000, 0x0000000086500000| Untracked 
|  44|0x0000000086600000, 0x0000000086600000, 0x0000000086700000|  0%| F|  |TAMS 0x0000000086600000, 0x0000000086600000| Untracked 
|  45|0x0000000086700000, 0x0000000086700000, 0x0000000086800000|  0%| F|  |TAMS 0x0000000086700000, 0x0000000086700000| Untracked 
|  46|0x0000000086800000, 0x0000000086800000, 0x0000000086900000|  0%| F|  |TAMS 0x0000000086800000, 0x0000000086800000| Untracked 
|  47|0x0000000086900000, 0x0000000086900000, 0x0000000086a00000|  0%| F|  |TAMS 0x0000000086900000, 0x0000000086900000| Untracked 
|  48|0x0000000086a00000, 0x0000000086a00000, 0x0000000086b00000|  0%| F|  |TAMS 0x0000000086a00000, 0x0000000086a00000| Untracked 
|  49|0x0000000086b00000, 0x0000000086b00000, 0x0000000086c00000|  0%| F|  |TAMS 0x0000000086b00000, 0x0000000086b00000| Untracked 
|  50|0x0000000086c00000, 0x0000000086c00000, 0x0000000086d00000|  0%| F|  |TAMS 0x0000000086c00000, 0x0000000086c00000| Untracked 
|  51|0x0000000086d00000, 0x0000000086d00000, 0x0000000086e00000|  0%| F|  |TAMS 0x0000000086d00000, 0x0000000086d00000| Untracked 
|  52|0x0000000086e00000, 0x0000000086e00000, 0x0000000086f00000|  0%| F|  |TAMS 0x0000000086e00000, 0x0000000086e00000| Untracked 
|  53|0x0000000086f00000, 0x0000000086f00000, 0x0000000087000000|  0%| F|  |TAMS 0x0000000086f00000, 0x0000000086f00000| Untracked 
|  54|0x0000000087000000, 0x0000000087000000, 0x0000000087100000|  0%| F|  |TAMS 0x0000000087000000, 0x0000000087000000| Untracked 
|  55|0x0000000087100000, 0x0000000087100000, 0x0000000087200000|  0%| F|  |TAMS 0x0000000087100000, 0x0000000087100000| Untracked 
|  56|0x0000000087200000, 0x0000000087200000, 0x0000000087300000|  0%| F|  |TAMS 0x0000000087200000, 0x0000000087200000| Untracked 
|  57|0x0000000087300000, 0x0000000087300000, 0x0000000087400000|  0%| F|  |TAMS 0x0000000087300000, 0x0000000087300000| Untracked 
|  58|0x0000000087400000, 0x0000000087400000, 0x0000000087500000|  0%| F|  |TAMS 0x0000000087400000, 0x0000000087400000| Untracked 
|  59|0x0000000087500000, 0x0000000087500000, 0x0000000087600000|  0%| F|  |TAMS 0x0000000087500000, 0x0000000087500000| Untracked 
|  60|0x0000000087600000, 0x0000000087600000, 0x0000000087700000|  0%| F|  |TAMS 0x0000000087600000, 0x0000000087600000| Untracked 
|  61|0x0000000087700000, 0x0000000087700000, 0x0000000087800000|  0%| F|  |TAMS 0x0000000087700000, 0x0000000087700000| Untracked 
|  62|0x0000000087800000, 0x0000000087800000, 0x0000000087900000|  0%| F|  |TAMS 0x0000000087800000, 0x0000000087800000| Untracked 
|  63|0x0000000087900000, 0x0000000087900000, 0x0000000087a00000|  0%| F|  |TAMS 0x0000000087900000, 0x0000000087900000| Untracked 
|  64|0x0000000087a00000, 0x0000000087a00000, 0x0000000087b00000|  0%| F|  |TAMS 0x0000000087a00000, 0x0000000087a00000| Untracked 
|  65|0x0000000087b00000, 0x0000000087b00000, 0x0000000087c00000|  0%| F|  |TAMS 0x0000000087b00000, 0x0000000087b00000| Untracked 
|  66|0x0000000087c00000, 0x0000000087c00000, 0x0000000087d00000|  0%| F|  |TAMS 0x0000000087c00000, 0x0000000087c00000| Untracked 
|  67|0x0000000087d00000, 0x0000000087d00000, 0x0000000087e00000|  0%| F|  |TAMS 0x0000000087d00000, 0x0000000087d00000| Untracked 
|  68|0x0000000087e00000, 0x0000000087e00000, 0x0000000087f00000|  0%| F|  |TAMS 0x0000000087e00000, 0x0000000087e00000| Untracked 
|  69|0x0000000087f00000, 0x0000000087f00000, 0x0000000088000000|  0%| F|  |TAMS 0x0000000087f00000, 0x0000000087f00000| Untracked 
|  70|0x0000000088000000, 0x0000000088000000, 0x0000000088100000|  0%| F|  |TAMS 0x0000000088000000, 0x0000000088000000| Untracked 
|  71|0x0000000088100000, 0x0000000088100000, 0x0000000088200000|  0%| F|  |TAMS 0x0000000088100000, 0x0000000088100000| Untracked 
|  72|0x0000000088200000, 0x0000000088200000, 0x0000000088300000|  0%| F|  |TAMS 0x0000000088200000, 0x0000000088200000| Untracked 
|  73|0x0000000088300000, 0x0000000088300000, 0x0000000088400000|  0%| F|  |TAMS 0x0000000088300000, 0x0000000088300000| Untracked 
|  74|0x0000000088400000, 0x0000000088400000, 0x0000000088500000|  0%| F|  |TAMS 0x0000000088400000, 0x0000000088400000| Untracked 
|  75|0x0000000088500000, 0x0000000088500000, 0x0000000088600000|  0%| F|  |TAMS 0x0000000088500000, 0x0000000088500000| Untracked 
|  76|0x0000000088600000, 0x0000000088600000, 0x0000000088700000|  0%| F|  |TAMS 0x0000000088600000, 0x0000000088600000| Untracked 
|  77|0x0000000088700000, 0x0000000088700000, 0x0000000088800000|  0%| F|  |TAMS 0x0000000088700000, 0x0000000088700000| Untracked 
|  78|0x0000000088800000, 0x0000000088800000, 0x0000000088900000|  0%| F|  |TAMS 0x0000000088800000, 0x0000000088800000| Untracked 
|  79|0x0000000088900000, 0x0000000088900000, 0x0000000088a00000|  0%| F|  |TAMS 0x0000000088900000, 0x0000000088900000| Untracked 
|  80|0x0000000088a00000, 0x0000000088a00000, 0x0000000088b00000|  0%| F|  |TAMS 0x0000000088a00000, 0x0000000088a00000| Untracked 
|  81|0x0000000088b00000, 0x0000000088b00000, 0x0000000088c00000|  0%| F|  |TAMS 0x0000000088b00000, 0x0000000088b00000| Untracked 
|  82|0x0000000088c00000, 0x0000000088c00000, 0x0000000088d00000|  0%| F|  |TAMS 0x0000000088c00000, 0x0000000088c00000| Untracked 
|  83|0x0000000088d00000, 0x0000000088d00000, 0x0000000088e00000|  0%| F|  |TAMS 0x0000000088d00000, 0x0000000088d00000| Untracked 
|  84|0x0000000088e00000, 0x0000000088e00000, 0x0000000088f00000|  0%| F|  |TAMS 0x0000000088e00000, 0x0000000088e00000| Untracked 
|  85|0x0000000088f00000, 0x0000000088f00000, 0x0000000089000000|  0%| F|  |TAMS 0x0000000088f00000, 0x0000000088f00000| Untracked 
|  86|0x0000000089000000, 0x0000000089000000, 0x0000000089100000|  0%| F|  |TAMS 0x0000000089000000, 0x0000000089000000| Untracked 
|  87|0x0000000089100000, 0x0000000089100000, 0x0000000089200000|  0%| F|  |TAMS 0x0000000089100000, 0x0000000089100000| Untracked 
|  88|0x0000000089200000, 0x0000000089200000, 0x0000000089300000|  0%| F|  |TAMS 0x0000000089200000, 0x0000000089200000| Untracked 
|  89|0x0000000089300000, 0x0000000089300000, 0x0000000089400000|  0%| F|  |TAMS 0x0000000089300000, 0x0000000089300000| Untracked 
|  90|0x0000000089400000, 0x0000000089400000, 0x0000000089500000|  0%| F|  |TAMS 0x0000000089400000, 0x0000000089400000| Untracked 
|  91|0x0000000089500000, 0x0000000089500000, 0x0000000089600000|  0%| F|  |TAMS 0x0000000089500000, 0x0000000089500000| Untracked 
|  92|0x0000000089600000, 0x0000000089600000, 0x0000000089700000|  0%| F|  |TAMS 0x0000000089600000, 0x0000000089600000| Untracked 
|  93|0x0000000089700000, 0x0000000089700000, 0x0000000089800000|  0%| F|  |TAMS 0x0000000089700000, 0x0000000089700000| Untracked 
|  94|0x0000000089800000, 0x0000000089800000, 0x0000000089900000|  0%| F|  |TAMS 0x0000000089800000, 0x0000000089800000| Untracked 
|  95|0x0000000089900000, 0x0000000089900000, 0x0000000089a00000|  0%| F|  |TAMS 0x0000000089900000, 0x0000000089900000| Untracked 
|  96|0x0000000089a00000, 0x0000000089a00000, 0x0000000089b00000|  0%| F|  |TAMS 0x0000000089a00000, 0x0000000089a00000| Untracked 
|  97|0x0000000089b00000, 0x0000000089b00000, 0x0000000089c00000|  0%| F|  |TAMS 0x0000000089b00000, 0x0000000089b00000| Untracked 
|  98|0x0000000089c00000, 0x0000000089c00000, 0x0000000089d00000|  0%| F|  |TAMS 0x0000000089c00000, 0x0000000089c00000| Untracked 
|  99|0x0000000089d00000, 0x0000000089d00000, 0x0000000089e00000|  0%| F|  |TAMS 0x0000000089d00000, 0x0000000089d00000| Untracked 
| 100|0x0000000089e00000, 0x0000000089e00000, 0x0000000089f00000|  0%| F|  |TAMS 0x0000000089e00000, 0x0000000089e00000| Untracked 
| 101|0x0000000089f00000, 0x0000000089f00000, 0x000000008a000000|  0%| F|  |TAMS 0x0000000089f00000, 0x0000000089f00000| Untracked 
| 102|0x000000008a000000, 0x000000008a000000, 0x000000008a100000|  0%| F|  |TAMS 0x000000008a000000, 0x000000008a000000| Untracked 
| 103|0x000000008a100000, 0x000000008a100000, 0x000000008a200000|  0%| F|  |TAMS 0x000000008a100000, 0x000000008a100000| Untracked 
| 104|0x000000008a200000, 0x000000008a200000, 0x000000008a300000|  0%| F|  |TAMS 0x000000008a200000, 0x000000008a200000| Untracked 
| 105|0x000000008a300000, 0x000000008a300000, 0x000000008a400000|  0%| F|  |TAMS 0x000000008a300000, 0x000000008a300000| Untracked 
| 106|0x000000008a400000, 0x000000008a400000, 0x000000008a500000|  0%| F|  |TAMS 0x000000008a400000, 0x000000008a400000| Untracked 
| 107|0x000000008a500000, 0x000000008a500000, 0x000000008a600000|  0%| F|  |TAMS 0x000000008a500000, 0x000000008a500000| Untracked 
| 108|0x000000008a600000, 0x000000008a600000, 0x000000008a700000|  0%| F|  |TAMS 0x000000008a600000, 0x000000008a600000| Untracked 
| 109|0x000000008a700000, 0x000000008a700000, 0x000000008a800000|  0%| F|  |TAMS 0x000000008a700000, 0x000000008a700000| Untracked 
| 110|0x000000008a800000, 0x000000008a800000, 0x000000008a900000|  0%| F|  |TAMS 0x000000008a800000, 0x000000008a800000| Untracked 
| 111|0x000000008a900000, 0x000000008a900000, 0x000000008aa00000|  0%| F|  |TAMS 0x000000008a900000, 0x000000008a900000| Untracked 
| 112|0x000000008aa00000, 0x000000008aa00000, 0x000000008ab00000|  0%| F|  |TAMS 0x000000008aa00000, 0x000000008aa00000| Untracked 
| 113|0x000000008ab00000, 0x000000008ab00000, 0x000000008ac00000|  0%| F|  |TAMS 0x000000008ab00000, 0x000000008ab00000| Untracked 
| 114|0x000000008ac00000, 0x000000008ac00000, 0x000000008ad00000|  0%| F|  |TAMS 0x000000008ac00000, 0x000000008ac00000| Untracked 
| 115|0x000000008ad00000, 0x000000008ad00000, 0x000000008ae00000|  0%| F|  |TAMS 0x000000008ad00000, 0x000000008ad00000| Untracked 
| 116|0x000000008ae00000, 0x000000008ae00000, 0x000000008af00000|  0%| F|  |TAMS 0x000000008ae00000, 0x000000008ae00000| Untracked 
| 117|0x000000008af00000, 0x000000008af00000, 0x000000008b000000|  0%| F|  |TAMS 0x000000008af00000, 0x000000008af00000| Untracked 
| 118|0x000000008b000000, 0x000000008b000000, 0x000000008b100000|  0%| F|  |TAMS 0x000000008b000000, 0x000000008b000000| Untracked 
| 119|0x000000008b100000, 0x000000008b100000, 0x000000008b200000|  0%| F|  |TAMS 0x000000008b100000, 0x000000008b100000| Untracked 
| 120|0x000000008b200000, 0x000000008b2fe7e0, 0x000000008b300000| 99%| E|  |TAMS 0x000000008b200000, 0x000000008b200000| Complete 
| 121|0x000000008b300000, 0x000000008b400000, 0x000000008b400000|100%| E|CS|TAMS 0x000000008b300000, 0x000000008b300000| Complete 
| 122|0x000000008b400000, 0x000000008b500000, 0x000000008b500000|100%| E|CS|TAMS 0x000000008b400000, 0x000000008b400000| Complete 
| 123|0x000000008b500000, 0x000000008b600000, 0x000000008b600000|100%| E|  |TAMS 0x000000008b500000, 0x000000008b500000| Complete 
| 124|0x000000008b600000, 0x000000008b700000, 0x000000008b700000|100%| E|CS|TAMS 0x000000008b600000, 0x000000008b600000| Complete 
| 125|0x000000008b700000, 0x000000008b800000, 0x000000008b800000|100%| E|CS|TAMS 0x000000008b700000, 0x000000008b700000| Complete 

Card table byte_map: [0x0000016e485c0000,0x0000016e489b0000] _byte_map_base: 0x0000016e481a3000

Marking Bits (Prev, Next): (CMBitMap*) 0x0000016e3583f440, (CMBitMap*) 0x0000016e3583f480
 Prev Bits: [0x0000016e48da0000, 0x0000016e4acb8000)
 Next Bits: [0x0000016e4acc0000, 0x0000016e4cbd8000)

Polling page: 0x0000016e337a0000

Metaspace:

Usage:
  Non-class:      4.46 MB used.
      Class:    417.48 KB used.
       Both:      4.87 MB used.

Virtual space:
  Non-class space:       64.00 MB reserved,       4.50 MB (  7%) committed,  1 nodes.
      Class space:        1.00 GB reserved,     512.00 KB ( <1%) committed,  1 nodes.
             Both:        1.06 GB reserved,       5.00 MB ( <1%) committed. 

Chunk freelists:
   Non-Class:  10.86 MB
       Class:  15.53 MB
        Both:  26.39 MB

MaxMetaspaceSize: unlimited
CompressedClassSpaceSize: 1.00 GB
Initial GC threshold: 21.00 MB
Current GC threshold: 21.00 MB
CDS: off
MetaspaceReclaimPolicy: balanced
 - commit_granule_bytes: 65536.
 - commit_granule_words: 8192.
 - virtual_space_node_default_size: 8388608.
 - enlarge_chunks_in_place: 1.
 - new_chunks_are_fully_committed: 0.
 - uncommit_free_chunks: 1.
 - use_allocation_guard: 0.
 - handle_deallocations: 1.


Internal statistics:

num_allocs_failed_limit: 0.
num_arena_births: 4.
num_arena_deaths: 0.
num_vsnodes_births: 2.
num_vsnodes_deaths: 0.
num_space_committed: 80.
num_space_uncommitted: 0.
num_chunks_returned_to_freelist: 0.
num_chunks_taken_from_freelist: 17.
num_chunk_merges: 0.
num_chunk_splits: 9.
num_chunks_enlarged: 6.
num_inconsistent_stats: 0.

CodeHeap 'non-profiled nmethods': size=120000Kb used=75Kb max_used=75Kb free=119924Kb
 bounds [0x0000016e40970000, 0x0000016e40be0000, 0x0000016e47ea0000]
CodeHeap 'profiled nmethods': size=120000Kb used=386Kb max_used=386Kb free=119613Kb
 bounds [0x0000016e38ea0000, 0x0000016e39110000, 0x0000016e403d0000]
CodeHeap 'non-nmethods': size=5760Kb used=1069Kb max_used=1099Kb free=4690Kb
 bounds [0x0000016e403d0000, 0x0000016e40640000, 0x0000016e40970000]
 total_blobs=574 nmethods=254 adapters=233
 compilation: enabled
              stopped_count=0, restarted_count=0
 full_count=0

Compilation events (20 events):
Event: 0.375 Thread 0x0000016e4f6c31a0  246       1       java.net.URL::getRef (5 bytes)
Event: 0.376 Thread 0x0000016e4f6c31a0 nmethod 246 0x0000016e40982010 code [0x0000016e409821a0, 0x0000016e40982278]
Event: 0.376 Thread 0x0000016e4f6c31a0  247       3       java.lang.CharacterDataLatin1::toUpperCase (53 bytes)
Event: 0.376 Thread 0x0000016e4f6c31a0 nmethod 247 0x0000016e38efe710 code [0x0000016e38efe8c0, 0x0000016e38efeb58]
Event: 0.377 Thread 0x0000016e4f6c31a0  248       3       java.lang.String::endsWith (15 bytes)
Event: 0.377 Thread 0x0000016e4f939e70 nmethod 220% 0x0000016e40982310 code [0x0000016e409824a0, 0x0000016e409826f8]
Event: 0.377 Thread 0x0000016e4f6c31a0 nmethod 248 0x0000016e38efec90 code [0x0000016e38efee60, 0x0000016e38eff1a8]
Event: 0.377 Thread 0x0000016e4f6c31a0  249       3       java.util.WeakHashMap::maskNull (12 bytes)
Event: 0.377 Thread 0x0000016e4f6c31a0 nmethod 249 0x0000016e38eff390 code [0x0000016e38eff520, 0x0000016e38eff658]
Event: 0.377 Thread 0x0000016e4f6c31a0  250       3       java.util.WeakHashMap::hash (28 bytes)
Event: 0.377 Thread 0x0000016e4f939e70  251       4       java.lang.String::coder (15 bytes)
Event: 0.378 Thread 0x0000016e4f6c31a0 nmethod 250 0x0000016e38eff710 code [0x0000016e38eff8c0, 0x0000016e38effaa8]
Event: 0.378 Thread 0x0000016e4f6c26f0 nmethod 240 0x0000016e40982810 code [0x0000016e40982980, 0x0000016e40982b78]
Event: 0.378 Thread 0x0000016e4f939e70 nmethod 251 0x0000016e40982c90 code [0x0000016e40982e00, 0x0000016e40982e78]
Event: 0.379 Thread 0x0000016e4f6c31a0  252       3       java.lang.StringUTF16::compress (50 bytes)
Event: 0.379 Thread 0x0000016e4f6c31a0 nmethod 252 0x0000016e38effb90 code [0x0000016e38effd40, 0x0000016e38efff98]
Event: 0.379 Thread 0x0000016e4f6c31a0  253       3       java.lang.String::lastIndexOf (29 bytes)
Event: 0.380 Thread 0x0000016e4f6c31a0 nmethod 253 0x0000016e38f00110 code [0x0000016e38f002e0, 0x0000016e38f00578]
Event: 0.380 Thread 0x0000016e4f6c31a0  254       3       java.lang.Class::getName (18 bytes)
Event: 0.380 Thread 0x0000016e4f6c31a0 nmethod 254 0x0000016e38f00690 code [0x0000016e38f00840, 0x0000016e38f009c8]

GC Heap History (0 events):
No events

Dll operation events (4 events):
Event: 0.016 Loaded shared library C:\Users\fahim\.p2\pool\plugins\org.eclipse.justj.openjdk.hotspot.jre.full.win32.x86_64_17.0.10.v20240120-1143\jre\bin\java.dll
Event: 0.279 Loaded shared library C:\Users\fahim\.p2\pool\plugins\org.eclipse.justj.openjdk.hotspot.jre.full.win32.x86_64_17.0.10.v20240120-1143\jre\bin\net.dll
Event: 0.283 Loaded shared library C:\Users\fahim\.p2\pool\plugins\org.eclipse.justj.openjdk.hotspot.jre.full.win32.x86_64_17.0.10.v20240120-1143\jre\bin\nio.dll
Event: 0.292 Loaded shared library C:\Users\fahim\.p2\pool\plugins\org.eclipse.justj.openjdk.hotspot.jre.full.win32.x86_64_17.0.10.v20240120-1143\jre\bin\zip.dll

Deoptimization events (20 events):
Event: 0.254 Thread 0x0000016e357e3560 Uncommon trap: trap_request=0xffffff45 fr.pc=0x0000016e409715f4 relative=0x0000000000000074
Event: 0.254 Thread 0x0000016e357e3560 Uncommon trap: reason=unstable_if action=reinterpret pc=0x0000016e409715f4 method=java.lang.String.isLatin1()Z @ 10 c2
Event: 0.254 Thread 0x0000016e357e3560 DEOPT PACKING pc=0x0000016e409715f4 sp=0x0000004ecefff2e0
Event: 0.254 Thread 0x0000016e357e3560 DEOPT UNPACKING pc=0x0000016e4042a1a3 sp=0x0000004ecefff220 mode 2
Event: 0.309 Thread 0x0000016e357e3560 DEOPT PACKING pc=0x0000016e38ebaf8c sp=0x0000004eceffdce0
Event: 0.309 Thread 0x0000016e357e3560 DEOPT UNPACKING pc=0x0000016e4042ace3 sp=0x0000004eceffd170 mode 0
Event: 0.309 Thread 0x0000016e357e3560 DEOPT PACKING pc=0x0000016e38ebaf8c sp=0x0000004eceffdce0
Event: 0.309 Thread 0x0000016e357e3560 DEOPT UNPACKING pc=0x0000016e4042ace3 sp=0x0000004eceffd170 mode 0
Event: 0.309 Thread 0x0000016e357e3560 DEOPT PACKING pc=0x0000016e38ebaf8c sp=0x0000004eceffdce0
Event: 0.309 Thread 0x0000016e357e3560 DEOPT UNPACKING pc=0x0000016e4042ace3 sp=0x0000004eceffd170 mode 0
Event: 0.310 Thread 0x0000016e357e3560 DEOPT PACKING pc=0x0000016e38ebaf8c sp=0x0000004eceffdce0
Event: 0.310 Thread 0x0000016e357e3560 DEOPT UNPACKING pc=0x0000016e4042ace3 sp=0x0000004eceffd170 mode 0
Event: 0.310 Thread 0x0000016e357e3560 DEOPT PACKING pc=0x0000016e38ebaf8c sp=0x0000004eceffdce0
Event: 0.310 Thread 0x0000016e357e3560 DEOPT UNPACKING pc=0x0000016e4042ace3 sp=0x0000004eceffd170 mode 0
Event: 0.312 Thread 0x0000016e357e3560 DEOPT PACKING pc=0x0000016e38ebaf8c sp=0x0000004eceffdce0
Event: 0.312 Thread 0x0000016e357e3560 DEOPT UNPACKING pc=0x0000016e4042ace3 sp=0x0000004eceffd170 mode 0
Event: 0.322 Thread 0x0000016e357e3560 DEOPT PACKING pc=0x0000016e38eb78e7 sp=0x0000004eceffdb90
Event: 0.322 Thread 0x0000016e357e3560 DEOPT UNPACKING pc=0x0000016e4042ace3 sp=0x0000004eceffcfb0 mode 0
Event: 0.328 Thread 0x0000016e357e3560 DEOPT PACKING pc=0x0000016e38ea76d1 sp=0x0000004eceffe390
Event: 0.328 Thread 0x0000016e357e3560 DEOPT UNPACKING pc=0x0000016e4042ace3 sp=0x0000004eceffd808 mode 0

Classes unloaded (0 events):
No events

Classes redefined (0 events):
No events

Internal exceptions (0 events):
No events

VM Operations (2 events):
Event: 0.297 Executing VM operation: HandshakeAllThreads
Event: 0.297 Executing VM operation: HandshakeAllThreads done

Events (20 events):
Event: 0.314 loading class java/util/NavigableMap
Event: 0.314 loading class java/util/SortedMap
Event: 0.314 loading class java/util/SortedMap done
Event: 0.314 loading class java/util/NavigableMap done
Event: 0.314 loading class java/util/TreeMap done
Event: 0.314 loading class java/util/TreeMap$Entry
Event: 0.315 loading class java/util/TreeMap$Entry done
Event: 0.315 loading class java/util/TreeMap$KeySet
Event: 0.315 loading class java/util/TreeMap$KeySet done
Event: 0.315 loading class java/util/TreeMap$KeyIterator
Event: 0.315 loading class java/util/TreeMap$PrivateEntryIterator
Event: 0.315 loading class java/util/TreeMap$PrivateEntryIterator done
Event: 0.315 loading class java/util/TreeMap$KeyIterator done
Event: 0.324 Thread 0x0000016e4f939e70 Thread added: 0x0000016e4f939e70
Event: 0.340 loading class javax/xml/namespace/NamespaceContext
Event: 0.340 loading class javax/xml/namespace/NamespaceContext done
Event: 0.340 loading class java/util/concurrent/ConcurrentHashMap$ForwardingNode
Event: 0.340 loading class java/util/concurrent/ConcurrentHashMap$ForwardingNode done
Event: 0.351 loading class java/util/ArrayList$Itr
Event: 0.351 loading class java/util/ArrayList$Itr done


Dynamic libraries:
0x00007ff643990000 - 0x00007ff64399e000 	C:\Users\fahim\.p2\pool\plugins\org.eclipse.justj.openjdk.hotspot.jre.full.win32.x86_64_17.0.10.v20240120-1143\jre\bin\javaw.exe
0x00007ff969010000 - 0x00007ff969226000 	C:\WINDOWS\SYSTEM32\ntdll.dll
0x00007ff966ec0000 - 0x00007ff966f84000 	C:\WINDOWS\System32\KERNEL32.DLL
0x00007ff966770000 - 0x00007ff966b16000 	C:\WINDOWS\System32\KERNELBASE.dll
0x00007ff966350000 - 0x00007ff966461000 	C:\WINDOWS\System32\ucrtbase.dll
0x00007ff958bd0000 - 0x00007ff958be7000 	C:\Users\fahim\.p2\pool\plugins\org.eclipse.justj.openjdk.hotspot.jre.full.win32.x86_64_17.0.10.v20240120-1143\jre\bin\jli.dll
0x00007ff968430000 - 0x00007ff9685dd000 	C:\WINDOWS\System32\USER32.dll
0x00007ff95df50000 - 0x00007ff95df6b000 	C:\Users\fahim\.p2\pool\plugins\org.eclipse.justj.openjdk.hotspot.jre.full.win32.x86_64_17.0.10.v20240120-1143\jre\bin\VCRUNTIME140.dll
0x00007ff9665e0000 - 0x00007ff966606000 	C:\WINDOWS\System32\win32u.dll
0x00007ff968400000 - 0x00007ff968429000 	C:\WINDOWS\System32\GDI32.dll
0x00007ff966bd0000 - 0x00007ff966ce8000 	C:\WINDOWS\System32\gdi32full.dll
0x00007ff966610000 - 0x00007ff9666aa000 	C:\WINDOWS\System32\msvcp_win.dll
0x00007ff94ec90000 - 0x00007ff94ef23000 	C:\WINDOWS\WinSxS\amd64_microsoft.windows.common-controls_6595b64144ccf1df_6.0.22621.3235_none_270f74e173860f98\COMCTL32.dll
0x00007ff967120000 - 0x00007ff9671c7000 	C:\WINDOWS\System32\msvcrt.dll
0x00007ff968f90000 - 0x00007ff968fc1000 	C:\WINDOWS\System32\IMM32.DLL
0x00007ff95f0f0000 - 0x00007ff95f0fc000 	C:\Users\fahim\.p2\pool\plugins\org.eclipse.justj.openjdk.hotspot.jre.full.win32.x86_64_17.0.10.v20240120-1143\jre\bin\vcruntime140_1.dll
0x00007ff94b4a0000 - 0x00007ff94b52d000 	C:\Users\fahim\.p2\pool\plugins\org.eclipse.justj.openjdk.hotspot.jre.full.win32.x86_64_17.0.10.v20240120-1143\jre\bin\msvcp140.dll
0x00007ff8fb020000 - 0x00007ff8fbc82000 	C:\Users\fahim\.p2\pool\plugins\org.eclipse.justj.openjdk.hotspot.jre.full.win32.x86_64_17.0.10.v20240120-1143\jre\bin\server\jvm.dll
0x00007ff968820000 - 0x00007ff9688d2000 	C:\WINDOWS\System32\ADVAPI32.dll
0x00007ff967f90000 - 0x00007ff968038000 	C:\WINDOWS\System32\sechost.dll
0x00007ff966ba0000 - 0x00007ff966bc8000 	C:\WINDOWS\System32\bcrypt.dll
0x00007ff968e70000 - 0x00007ff968f85000 	C:\WINDOWS\System32\RPCRT4.dll
0x00007ff95dea0000 - 0x00007ff95ded4000 	C:\WINDOWS\SYSTEM32\WINMM.dll
0x00007ff95e0a0000 - 0x00007ff95e0a9000 	C:\WINDOWS\SYSTEM32\WSOCK32.dll
0x00007ff965540000 - 0x00007ff96558d000 	C:\WINDOWS\SYSTEM32\POWRPROF.dll
0x00007ff968640000 - 0x00007ff9686b1000 	C:\WINDOWS\System32\WS2_32.dll
0x00007ff960070000 - 0x00007ff96007a000 	C:\WINDOWS\SYSTEM32\VERSION.dll
0x00007ff965430000 - 0x00007ff965443000 	C:\WINDOWS\SYSTEM32\UMPDC.dll
0x00007ff9653c0000 - 0x00007ff9653d8000 	C:\WINDOWS\SYSTEM32\kernel.appcore.dll
0x00007ff95da20000 - 0x00007ff95da2a000 	C:\Users\fahim\.p2\pool\plugins\org.eclipse.justj.openjdk.hotspot.jre.full.win32.x86_64_17.0.10.v20240120-1143\jre\bin\jimage.dll
0x00007ff963c40000 - 0x00007ff963e73000 	C:\WINDOWS\SYSTEM32\DBGHELP.DLL
0x00007ff968ac0000 - 0x00007ff968e48000 	C:\WINDOWS\System32\combase.dll
0x00007ff9686c0000 - 0x00007ff968797000 	C:\WINDOWS\System32\OLEAUT32.dll
0x00007ff95d1d0000 - 0x00007ff95d202000 	C:\WINDOWS\SYSTEM32\dbgcore.DLL
0x00007ff966b20000 - 0x00007ff966b9a000 	C:\WINDOWS\System32\bcryptPrimitives.dll
0x00007ff957c50000 - 0x00007ff957c75000 	C:\Users\fahim\.p2\pool\plugins\org.eclipse.justj.openjdk.hotspot.jre.full.win32.x86_64_17.0.10.v20240120-1143\jre\bin\java.dll
0x00007ff955420000 - 0x00007ff955438000 	C:\Users\fahim\.p2\pool\plugins\org.eclipse.justj.openjdk.hotspot.jre.full.win32.x86_64_17.0.10.v20240120-1143\jre\bin\zip.dll
0x00007ff967650000 - 0x00007ff967ead000 	C:\WINDOWS\System32\SHELL32.dll
0x00007ff964260000 - 0x00007ff964b58000 	C:\WINDOWS\SYSTEM32\windows.storage.dll
0x00007ff964120000 - 0x00007ff96425e000 	C:\WINDOWS\SYSTEM32\wintypes.dll
0x00007ff967020000 - 0x00007ff967113000 	C:\WINDOWS\System32\SHCORE.dll
0x00007ff9685e0000 - 0x00007ff96863e000 	C:\WINDOWS\System32\shlwapi.dll
0x00007ff966280000 - 0x00007ff9662a6000 	C:\WINDOWS\SYSTEM32\profapi.dll
0x00007ff954b00000 - 0x00007ff954b19000 	C:\Users\fahim\.p2\pool\plugins\org.eclipse.justj.openjdk.hotspot.jre.full.win32.x86_64_17.0.10.v20240120-1143\jre\bin\net.dll
0x00007ff95ee30000 - 0x00007ff95ef67000 	C:\WINDOWS\SYSTEM32\WINHTTP.dll
0x00007ff9658c0000 - 0x00007ff965929000 	C:\WINDOWS\system32\mswsock.dll
0x00007ff954a60000 - 0x00007ff954a76000 	C:\Users\fahim\.p2\pool\plugins\org.eclipse.justj.openjdk.hotspot.jre.full.win32.x86_64_17.0.10.v20240120-1143\jre\bin\nio.dll

dbghelp: loaded successfully - version: 4.0.5 - missing functions: none
symbol engine: initialized successfully - sym options: 0x614 - pdb path: .;C:\Users\fahim\.p2\pool\plugins\org.eclipse.justj.openjdk.hotspot.jre.full.win32.x86_64_17.0.10.v20240120-1143\jre\bin;C:\WINDOWS\SYSTEM32;C:\WINDOWS\WinSxS\amd64_microsoft.windows.common-controls_6595b64144ccf1df_6.0.22621.3235_none_270f74e173860f98;C:\Users\fahim\.p2\pool\plugins\org.eclipse.justj.openjdk.hotspot.jre.full.win32.x86_64_17.0.10.v20240120-1143\jre\bin\server

VM Arguments:
jvm_args: -Dfile.encoding=UTF-8 -Dstdout.encoding=UTF-8 -Dstderr.encoding=UTF-8 -XX:+ShowCodeDetailsInExceptionMessages 
java_command: batch13pack.student
java_class_path (initial): C:\Users\fahim\eclipse-workspace\batch13\target\test-classes;C:\Users\fahim\eclipse-workspace\batch13\target\classes;C:\Users\fahim\.m2\repository\org\seleniumhq\selenium\selenium-chrome-driver\4.16.1\selenium-chrome-driver-4.16.1.jar;C:\Users\fahim\.m2\repository\org\seleniumhq\selenium\selenium-java\4.16.1\selenium-java-4.16.1.jar;C:\Users\fahim\.m2\repository\org\seleniumhq\selenium\selenium-api\4.16.1\selenium-api-4.16.1.jar;C:\Users\fahim\.m2\repository\com\google\auto\service\auto-service-annotations\1.1.1\auto-service-annotations-1.1.1.jar;C:\Users\fahim\.m2\repository\org\seleniumhq\selenium\selenium-chromium-driver\4.16.1\selenium-chromium-driver-4.16.1.jar;C:\Users\fahim\.m2\repository\org\seleniumhq\selenium\selenium-json\4.16.1\selenium-json-4.16.1.jar;C:\Users\fahim\.m2\repository\org\seleniumhq\selenium\selenium-manager\4.16.1\selenium-manager-4.16.1.jar;C:\Users\fahim\.m2\repository\org\seleniumhq\selenium\selenium-devtools-v118\4.16.1\selenium-devtools-v118-4.16.1.jar;C:\Users\fahim\.m2\repository\org\seleniumhq\selenium\selenium-devtools-v119\4.16.1\selenium-devtools-v119-4.16.1.jar;C:\Users\fahim\.m2\repository\org\seleniumhq\selenium\selenium-devtools-v120\4.16.1\selenium-devtools-v120-4.16.1.jar;C:\Users\fahim\.m2\repository\org\seleniumhq\selenium\selenium-devtools-v85\4.16.1\selenium-devtools-v85-4.16.1.jar;C:\Users\fahim\.m2\repository\org\seleniumhq\selenium\selenium-edge-driver\4.16.1\selenium-edge-driver-4.16.1.jar;C:\Users\fahim\.m2\repository\org\seleniumhq\selenium\selenium-firefox-driver\4.16.1\selenium-firefox-driver-4.16.1.jar;C:\Users\fahim\.m2\repository\org\seleniumhq\selenium\selenium-http\4.16.1\selenium-http-4.16.1.jar;C:\Users\fahim\.m2\repository\dev\failsafe\failsafe\3.3.2\failsafe-3.3.2.jar;C:\Users\fahim\.m2\repository\org\seleniumhq\selenium\selenium-ie-driver\4.16.1\selenium-ie-driver-4.16.1.jar;C:\Users\fahim\.m2\repository\org\seleniumhq\selenium\selenium-remote-driver\4.16.1\selenium-remote
Launcher Type: SUN_STANDARD

[Global flags]
     intx CICompilerCount                          = 4                                         {product} {ergonomic}
     uint ConcGCThreads                            = 2                                         {product} {ergonomic}
     uint G1ConcRefinementThreads                  = 8                                         {product} {ergonomic}
   size_t G1HeapRegionSize                         = 1048576                                   {product} {ergonomic}
    uintx GCDrainStackTargetSize                   = 64                                        {product} {ergonomic}
   size_t InitialHeapSize                          = 132120576                                 {product} {ergonomic}
   size_t MarkStackSize                            = 4194304                                   {product} {ergonomic}
   size_t MaxHeapSize                              = 2086666240                                {product} {ergonomic}
   size_t MaxNewSize                               = 1251999744                                {product} {ergonomic}
   size_t MinHeapDeltaBytes                        = 1048576                                   {product} {ergonomic}
   size_t MinHeapSize                              = 8388608                                   {product} {ergonomic}
    uintx NonNMethodCodeHeapSize                   = 5839372                                {pd product} {ergonomic}
    uintx NonProfiledCodeHeapSize                  = 122909434                              {pd product} {ergonomic}
    uintx ProfiledCodeHeapSize                     = 122909434                              {pd product} {ergonomic}
    uintx ReservedCodeCacheSize                    = 251658240                              {pd product} {ergonomic}
     bool SegmentedCodeCache                       = true                                      {product} {ergonomic}
     bool ShowCodeDetailsInExceptionMessages       = true                                   {manageable} {command line}
   size_t SoftMaxHeapSize                          = 2086666240                             {manageable} {ergonomic}
     bool UseCompressedClassPointers               = true                           {product lp64_product} {ergonomic}
     bool UseCompressedOops                        = true                           {product lp64_product} {ergonomic}
     bool UseG1GC                                  = true                                      {product} {ergonomic}
     bool UseLargePagesIndividualAllocation        = false                                  {pd product} {ergonomic}

Logging:
Log output configuration:
 #0: stdout all=warning uptime,level,tags
 #1: stderr all=off uptime,level,tags

Environment Variables:
PATH=C:/Users/fahim/.p2/pool/plugins/org.eclipse.justj.openjdk.hotspot.jre.full.win32.x86_64_17.0.10.v20240120-1143/jre/bin/server;C:/Users/fahim/.p2/pool/plugins/org.eclipse.justj.openjdk.hotspot.jre.full.win32.x86_64_17.0.10.v20240120-1143/jre/bin;C:\Windows\system32;C:\Windows;C:\Windows\System32\Wbem;C:\Windows\System32\WindowsPowerShell\v1.0\;C:\Windows\System32\OpenSSH\;C:\Program Files\NVIDIA Corporation\NVIDIA NvDLISR;C:\WINDOWS\system32;C:\WINDOWS;C:\WINDOWS\System32\Wbem;C:\WINDOWS\System32\WindowsPowerShell\v1.0\;C:\WINDOWS\System32\OpenSSH\;C:\Users\fahim\AppData\Local\Microsoft\WindowsApps;;C:\Users\fahim\OneDrive\Desktop;
USERNAME=fahim
OS=Windows_NT
PROCESSOR_IDENTIFIER=Intel64 Family 6 Model 126 Stepping 5, GenuineIntel
TMP=C:\Users\fahim\AppData\Local\Temp
TEMP=C:\Users\fahim\AppData\Local\Temp



Periodic native trim disabled


---------------  S Y S T E M  ---------------

OS:
 Windows 11 , 64 bit Build 22621 (10.0.22621.3235)
OS uptime: 29 days 18:03 hours
Hyper-V role detected

CPU: total 8 (initial active 8) (4 cores per cpu, 2 threads per core) family 6 model 126 stepping 5 microcode 0xc2, cx8, cmov, fxsr, ht, mmx, 3dnowpref, sse, sse2, sse3, ssse3, sse4.1, sse4.2, popcnt, lzcnt, tsc, tscinvbit, avx, avx2, aes, erms, clmul, bmi1, bmi2, adx, avx512f, avx512dq, avx512cd, avx512bw, avx512vl, sha, fma, vzeroupper, avx512_vpopcntdq, avx512_vpclmulqdq, avx512_vaes, avx512_vnni, clflush, clflushopt, avx512_vbmi2, avx512_vbmi, hv
Processor Information for all 8 processors :
  Max Mhz: 1190, Current Mhz: 991, Mhz Limit: 987

Memory: 4k page, system-wide physical 7959M (734M free)
TotalPageFile size 27159M (AvailPageFile size 2M)
current process WorkingSet (physical memory assigned to process): 42M, peak: 42M
current process commit charge ("private bytes"): 206M, peak: 206M

vm_info: OpenJDK 64-Bit Server VM (17.0.10+7) for windows-amd64 JRE (17.0.10+7), built on Jan 16 2024 23:25:11 by "admin" with MS VC++ 16.10 / 16.11 (VS2019)

END.
